Traceback (most recent call last):
  File "C:\Users\Omri\AppData\Local\Programs\Python\Python313\Lib\site-packages\jupyter_cache\executors\utils.py", line 58, in single_nb_execution
    executenb(
    ~~~~~~~~~^
        nb,
        ^^^
    ...<4 lines>...
        **kwargs,
        ^^^^^^^^^
    )
    ^
  File "C:\Users\Omri\AppData\Local\Programs\Python\Python313\Lib\site-packages\nbclient\client.py", line 1319, in execute
    return NotebookClient(nb=nb, resources=resources, km=km, **kwargs).execute()
           ~~~~~~~~~~~~~~~~~~~~~~~~~~~~~~~~~~~~~~~~~~~~~~~~~~~~~~~~~~~~~~~~~~~^^
  File "C:\Users\Omri\AppData\Local\Programs\Python\Python313\Lib\site-packages\jupyter_core\utils\__init__.py", line 165, in wrapped
    return loop.run_until_complete(inner)
           ~~~~~~~~~~~~~~~~~~~~~~~^^^^^^^
  File "C:\Users\Omri\AppData\Local\Programs\Python\Python313\Lib\asyncio\base_events.py", line 720, in run_until_complete
    return future.result()
           ~~~~~~~~~~~~~^^
  File "C:\Users\Omri\AppData\Local\Programs\Python\Python313\Lib\site-packages\nbclient\client.py", line 709, in async_execute
    await self.async_execute_cell(
        cell, index, execution_count=self.code_cells_executed + 1
    )
  File "C:\Users\Omri\AppData\Local\Programs\Python\Python313\Lib\site-packages\nbclient\client.py", line 1062, in async_execute_cell
    await self._check_raise_for_error(cell, cell_index, exec_reply)
  File "C:\Users\Omri\AppData\Local\Programs\Python\Python313\Lib\site-packages\nbclient\client.py", line 918, in _check_raise_for_error
    raise CellExecutionError.from_cell_and_msg(cell, exec_reply_content)
nbclient.exceptions.CellExecutionError: An error occurred while executing the following cell:
------------------
# Interactive Plot of \( y(t) = e^{(a+ib)t} \)

```{code-cell} ipython3
:thebe: true
import numpy as np
import matplotlib.pyplot as plt
from ipywidgets import interact

def compute_y(t, a, b):
    return np.exp((a + 1j * b) * t)

def plot_function(a, b):
    t = np.linspace(0, 5, 500)
    y = compute_y(t, a, b)
    
    plt.figure(figsize=(8, 5))
    plt.plot(t, y.real, label="Real Part")
    plt.plot(t, y.imag, label="Imaginary Part", linestyle="dashed")
    plt.xlabel("t")
    plt.ylabel("y(t)")
    plt.title(r"$y(t) = e^{(a+ib)t}$")
    plt.legend()
    plt.grid(True)
    plt.show()

interact(plot_function, a=(-2.0, 2.0, 0.1), b=(-5.0, 5.0, 0.1))
```


------------------


[1;36m  Cell [1;32mIn[1], line 3[1;36m[0m
[1;33m    ```{code-cell} ipython3[0m
[1;37m    ^[0m
[1;31mSyntaxError[0m[1;31m:[0m invalid syntax


